2020-12-12T20:16:26+00:00 CRITICAL Uncaught Error: Call to undefined function get_plugins() in C:\xampp\htdocs\paturi\wp-content\plugins\companion-auto-update\cau_functions.php:1168
Stack trace:
#0 C:\xampp\htdocs\paturi\wp-content\plugins\companion-auto-update\companion-auto-update.php(52): cau_savePluginInformation()
#1 C:\xampp\htdocs\paturi\wp-includes\class-wp-hook.php(287): cau_keep_log_uptodate()
#2 C:\xampp\htdocs\paturi\wp-includes\class-wp-hook.php(311): WP_Hook->apply_filters('', Array)
#3 C:\xampp\htdocs\paturi\wp-includes\plugin.php(551): WP_Hook->do_action(Array)
#4 C:\xampp\htdocs\paturi\wp-cron.php(138): do_action_ref_array('cau_log_updater', Array)
#5 {main}
  thrown, em C:\xampp\htdocs\paturi\wp-content\plugins\companion-auto-update\cau_functions.php, na linha 1168

2020-12-12T20:20:07+00:00 CRITICAL Uncaught Error: Call to undefined function get_plugins() in C:\xampp\htdocs\paturi\wp-content\plugins\companion-auto-update\cau_functions.php:1168
Stack trace:
#0 C:\xampp\htdocs\paturi\wp-content\plugins\companion-auto-update\companion-auto-update.php(52): cau_savePluginInformation()
#1 C:\xampp\htdocs\paturi\wp-includes\class-wp-hook.php(287): cau_keep_log_uptodate()
#2 C:\xampp\htdocs\paturi\wp-includes\class-wp-hook.php(311): WP_Hook->apply_filters('', Array)
#3 C:\xampp\htdocs\paturi\wp-includes\plugin.php(551): WP_Hook->do_action(Array)
#4 C:\xampp\htdocs\paturi\wp-cron.php(138): do_action_ref_array('cau_log_updater', Array)
#5 {main}
  thrown, em C:\xampp\htdocs\paturi\wp-content\plugins\companion-auto-update\cau_functions.php, na linha 1168

2020-12-12T20:21:10+00:00 CRITICAL Uncaught Error: Call to undefined function get_plugins() in C:\xampp\htdocs\paturi\wp-content\plugins\companion-auto-update\cau_functions.php:1168
Stack trace:
#0 C:\xampp\htdocs\paturi\wp-content\plugins\companion-auto-update\companion-auto-update.php(52): cau_savePluginInformation()
#1 C:\xampp\htdocs\paturi\wp-includes\class-wp-hook.php(287): cau_keep_log_uptodate()
#2 C:\xampp\htdocs\paturi\wp-includes\class-wp-hook.php(311): WP_Hook->apply_filters('', Array)
#3 C:\xampp\htdocs\paturi\wp-includes\plugin.php(551): WP_Hook->do_action(Array)
#4 C:\xampp\htdocs\paturi\wp-cron.php(138): do_action_ref_array('cau_log_updater', Array)
#5 {main}
  thrown, em C:\xampp\htdocs\paturi\wp-content\plugins\companion-auto-update\cau_functions.php, na linha 1168

2020-12-12T23:12:15+00:00 CRITICAL Maximum execution time of 30 seconds exceeded, em C:\xampp\htdocs\paturi\wp-includes\wp-db.php, na linha 2056

